<?xml version="1.0" encoding="UTF-8"?>
<!-- Generated by org.testng.reporters.JUnitXMLReporter -->
<testsuite hostname="Bhagaths-MacBook-Pro.local" ignored="0" name="Command line test" tests="4" failures="0" timestamp="04 Jan 2018 20:57:41 GMT" time="124.715" errors="0">
  <testcase name="checkVehicle" time="13.568" classname="uk.gov.testcases.VehicleTest"/>
  <testcase name="checkVehicle" time="5.48" classname="uk.gov.testcases.VehicleTest"/>
  <testcase name="checkVehicle" time="2.929" classname="uk.gov.testcases.VehicleTest"/>
  <testcase name="checkVehicle" time="2.745" classname="uk.gov.testcases.VehicleTest"/>
</testsuite> <!-- Command line test -->
